0 = 0
1 = 1
2 = 0
3 = 1
4 = 2
5 = 0
6 = 1
7 = 2
8 = 0
9 = 3
10 = 1
11 = 2
12 = 0
13 = 3
14 = 1
15 = 2
16 = 4
17 = 0
18 = 3
19 = 1
20 = 2
21 = 4
22 = 0
23 = 3
24 = 1
25 = 5
26 = 2
27 = 4
28 = 0
29 = 3
30 = 1
31 = 5
32 = 2
33 = 4
34 = 0
35 = 3
36 = 6
37 = 1
38 = 5
39 = 2
40 = 4
41 = 0
42 = 3
43 = 6
44 = 1
45 = 5
46 = 2
47 = 4
48 = 0
49 = 7
50 = 3
51 = 6
52 = 1
53 = 5
54 = 2
55 = 4
56 = 0
57 = 7
58 = 3
59 = 6
60 = 1
61 = 5
62 = 2
63 = 4
64 = 8
65 = 0
66 = 7
67 = 3
68 = 6
69 = 1
70 = 5
71 = 2
72 = 4
73 = 8
74 = 0
75 = 7
76 = 3
77 = 6
78 = 1
79 = 5
80 = 2
81 = 9
82 = 4
83 = 8
84 = 0
85 = 7
86 = 3
87 = 6
88 = 1
89 = 5
90 = 2
91 = 9
92 = 4
93 = 8
94 = 0
95 = 7
96 = 3
97 = 6
98 = 1
99 = 5
LOSE
